<?xml version="1.0" encoding="UTF-8"?>
<testng-results skipped="0" failed="0" total="1" passed="1">
  <reporter-output>
  </reporter-output>
  <suite name="Default suite" duration-ms="36025" started-at="2017-05-31T00:15:50Z" finished-at="2017-05-31T00:16:26Z">
    <groups>
    </groups>
    <test name="Default test" duration-ms="36025" started-at="2017-05-31T00:15:50Z" finished-at="2017-05-31T00:16:26Z">
      <class name="BottonLine.TestProject.TestCase">
        <test-method status="PASS" signature="initLogs()[pri:0, instance:BottonLine.TestProject.TestCase@7f690630]" name="initLogs" is-config="true" duration-ms="17" started-at="2017-05-31T01:15:50Z" finished-at="2017-05-31T01:15:50Z">
          <reporter-output>
          </reporter-output>
        </test-method> <!-- initLogs -->
        <test-method status="PASS" signature="AddAcounttest()[pri:0, instance:BottonLine.TestProject.TestCase@7f690630]" name="AddAcounttest" duration-ms="35988" started-at="2017-05-31T01:15:50Z" finished-at="2017-05-31T01:16:26Z">
          <reporter-output>
          </reporter-output>
        </test-method> <!-- AddAcounttest -->
      </class> <!-- BottonLine.TestProject.TestCase -->
    </test> <!-- Default test -->
  </suite> <!-- Default suite -->
</testng-results>
